1 1 1 2 5 1 2 3 1 10 1 1 1 2 1 4 1 2 1 2 11 1 1 1 25 1 1 1 3 5 1 1 1 4 1 36 1 1 3 1 2 6 7 1 2 1 2 1 4 1 2 1 4 5 12 1 1 2 4 1 2 3 4 1 1 1 3 1 2 7 1 2 3 1 12 1 1 1 20 1 1 2 1 4 1 2 3 1 5 1 7 13 1 94 1 2 1 2 5 1 
1 2 3 1 2 3 4 1 2 7 8 1 10 1 1 3 1 15 1 2 1 22 1 1 3 1 5 1 2 1 2 1 1 3 1 2 6 7 1 1 1 3 4 44 45 1 1 1 2 3 1 6 1 2 1 2 11 1 2 1 4 1 1 1 3 5 1 1 1 1 1 2 3 7 1 9 11 12 22 1 1 1 3 5 1 2 1 2 32 1 34 1 2 49 1 1 3 1 1 3 
1 2 1 1 3 1 2 1 1 10 1 1 2 4 1 1 7 1 2 1 11 1 2 1 25 1 1 3 1 1 2 3 1 1 1 2 3 1 11 1 1 3 1 5 1 1 3 1 1 2 3 1 2 7 1 12 1 2 1 1 22 1 1 2 1 5 28 1 1 1 3 1 2 1 8 9 1 2 1 1 2 1 16 1 1 47 1 2 3 65 1 2 3 1 5 1 2 3 1 10 
1 1 3 4 5 6 1 1 9 1 2 1 13 1 2 1 4 1 1 3 21 1 1 3 1 2 3 4 5 6 1 2 1 1 3 1 16 1 1 1 2 1 43 1 1 3 1 1 1 4 1 2 1 2 1 2 5 6 1 2 11 1 13 1 1 3 1 2 6 1 8 1 2 28 1 1 3 1 2 6 1 2 3 10 1 2 3 14 1 1 1 4 1 6 1 2 3 1 1 100 
1 1 1 2 1 1 3 1 2 1 2 3 13 1 1 3 1 1 3 1 2 9 10 1 1 2 1 1 3 17 1 1 20 1 1 1 1 1 1 7 1 2 1 11 1 2 3 35 1 2 1 4 40 1 2 1 4 1 2 1 8 1 1 3 1 2 1 4 1 1 3 1 2 21 1 2 1 2 1 4 7 69 1 1 1 3 4 6 1 2 9 10 1 1 3 14 1 2 3 1 
1 2 1 1 5 6 1 2 1 4 5 6 1 2 15 1 2 3 4 1 21 1 1 1 2 3 1 5 1 1 1 1 1 5 1 7 16 1 1 3 4 5 1 2 8 1 10 1 1 1 2 1 1 7 1 2 1 4 1 1 1 1 1 2 3 7 67 1 2 3 4 5 73 1 1 2 1 5 1 7 1 2 1 11 12 1 2 1 2 3 1 2 1 2 3 1 5 1 9 1 
1 1 3 1 1 6 7 1 9 1 1 2 13 1 1 1 4 1 2 1 1 2 1 1 8 1 1 3 1 2 6 1 1 2 1 2 3 1 1 8 1 11 1 2 1 1 1 1 2 8 1 1 3 12 1 2 1 1 1 2 61 1 1 2 1 2 6 1 1 3 1 5 1 1 14 1 2 1 1 2 20 1 2 1 2 5 1 2 1 2 1 11 1 33 1 2 3 1 5 1 
1 2 1 1 3 1 1 3 4 1 2 1 13 1 2 1 17 1 2 1 2 1 2 5 6 1 2 3 1 1 1 7 8 17 1 1 20 1 2 3 1 2 3 7 1 1 1 4 1 1 3 4 5 1 1 1 3 5 1 1 44 1 1 3 1 2 1 1 1 1 3 11 1 2 1 4 1 2 1 2 3 4 7 1 1 1 15 1 1 1 1 3 4 1 1 1 8 1 11 1 
1 1 2 1 5 1 7 1 1 3 11 1 2 1 1 2 6 1 8 1 1 3 1 1 2 1 1 17 1 1 1 1 2 4 1 1 1 10 1 1 2 4 5 1 1 2 3 1 6 1 1 3 10 1 1 1 3 20 1 2 1 2 3 6 54 1 2 3 1 2 60 1 2 1 2 1 2 3 1 1 1 3 5 9 1 1 12 1 1 1 2 1 2 3 7 1 86 1 1 3 
1 2 3 1 2 1 2 1 4 1 8 1 1 1 15 1 2 1 19 1 1 3 1 5 1 1 2 4 1 6 1 2 9 1 2 17 18 1 1 3 1 5 1 1 2 1 4 6 1 2 1 1 11 1 1 2 3 1 17 1 42 1 2 3 4 1 2 7 8 1 2 3 1 2 1 2 1 4 1 1 7 21 1 1 3 1 5 1 7 1 2 1 2 12 1 2 1 37 1 2 
1 2 1 1 1 3 5 1 1 10 1 1 2 4 5 1 1 1 2 1 2 1 7 9 1 1 2 18 1 1 3 1 2 1 7 1 27 1 1 3 1 5 1 7 1 2 37 1 2 3 1 1 1 2 8 1 10 1 1 1 4 1 2 17 1 1 1 21 1 1 24 1 2 3 1 1 1 1 5 1 7 8 1 1 11 12 1 1 2 1 1 3 7 1 2 49 1 2 1 2 
1 1 3 1 2 3 1 2 1 1 5 1 1 1 2 1 2 6 1 1 3 1 1 1 2 3 5 1 7 1 1 20 1 1 1 4 1 38 1 2 1 1 5 1 1 2 1 5 1 1 2 1 4 1 2 1 2 20 1 1 23 1 2 1 4 5 1 1 2 1 2 1 12 1 1 1 3 1 2 6 1 9 1 1 3 25 26 50 1 1 2 3 55 1 2 3 1 1 1 2 
1 2 1 2 1 1 2 4 1 2 1 1 13 1 2 1 2 3 4 5 8 1 2 3 1 2 3 1 8 1 2 1 4 34 1 1 3 1 5 1 2 3 1 1 11 1 1 3 1 2 1 2 5 6 1 2 1 2 5 1 7 1 29 30 1 1 3 1 1 3 1 2 1 1 5 9 1 2 15 1 1 2 1 4 1 7 1 1 25 1 2 1 4 1 2 1 4 1 1 2 
1 1 3 4 1 6 1 8 1 1 3 1 2 1 1 16 1 2 1 2 3 4 7 1 1 10 1 2 29 1 1 3 1 1 1 2 5 1 10 1 2 1 1 5 16 1 1 1 3 5 1 2 8 1 2 1 28 1 1 1 1 3 4 1 2 1 2 1 1 5 1 2 10 1 1 1 2 3 1 1 1 23 1 2 3 1 1 1 2 4 33 1 2 1 4 1 1 40 1 1 
1 1 1 3 1 1 1 1 5 1 2 8 1 2 1 1 1 2 1 6 1 2 11 20 1 1 26 1 2 1 4 1 2 3 1 5 1 11 1 2 1 2 1 1 1 1 2 6 1 1 1 3 4 1 55 1 2 3 1 5 1 2 3 9 1 2 1 4 1 2 3 1 5 19 1 1 77 1 2 1 2 1 2 1 2 9 1 2 12 1 1 3 1 1 1 1 5 9 1 2 
1 2 1 2 3 1 1 8 1 2 1 2 3 1 15 1 2 1 4 1 21 1 2 1 4 1 2 1 2 1 1 5 8 1 2 1 2 1 1 3 20 1 2 3 1 5 1 1 1 2 10 1 12 1 2 1 1 1 2 7 1 2 22 1 2 1 1 2 1 49 1 1 2 1 2 1 2 1 4 1 1 12 1 1 85 1 2 3 4 1 1 2 4 9 1 1 3 13 1 1 
1 2 3 1 1 3 4 1 2 1 4 1 13 1 2 1 4 1 6 7 1 2 1 2 5 1 1 1 16 1 18 1 1 2 3 1 1 3 26 1 2 1 2 1 2 3 4 1 2 1 2 5 12 1 2 1 16 1 2 1 1 2 63 1 2 3 1 1 3 1 8 1 1 1 2 3 1 2 16 1 2 3 1 5 1 2 3 4 10 1 12 1 1 1 1 96 1 2 3 1 
1 1 3 1 1 3 1 2 1 1 3 6 1 2 1 4 1 2 7 1 21 1 1 3 4 1 1 3 1 1 2 32 1 1 1 1 2 4 5 1 1 1 10 1 12 1 15 1 17 1 2 3 1 2 3 1 1 26 1 1 2 1 2 1 1 8 1 2 1 2 1 6 1 74 1 1 3 1 1 1 2 3 9 1 85 1 2 1 4 1 2 1 2 3 1 7 1 2 1 2 
1 2 1 4 1 2 3 4 1 2 1 2 1 1 3 12 1 2 1 4 5 1 1 1 1 3 1 24 1 1 1 2 5 1 35 1 2 1 2 1 2 1 8 1 2 1 1 1 1 3 16 1 1 3 1 1 3 1 8 9 1 1 3 4 1 1 3 1 2 70 1 1 3 4 1 1 7 1 2 3 11 1 2 1 1 5 1 7 1 2 1 2 1 13 14 1 2 1 4 1 
1 1 2 4 1 2 3 1 1 1 3 5 9 1 1 2 1 1 2 1 1 8 10 1 1 1 2 1 2 26 1 2 3 4 31 1 1 1 1 1 4 1 1 3 4 5 10 1 2 13 1 2 16 1 1 2 4 1 6 1 2 1 4 1 12 1 1 2 1 33 1 1 3 1 2 3 1 1 2 7 1 2 3 47 1 1 3 1 1 6 56 1 1 1 2 1 6 1 1 3 
1 2 3 1 2 3 4 1 2 3 1 1 2 1 1 5 1 7 1 1 2 4 16 1 25 1 1 2 1 1 2 4 1 2 1 4 5 1 2 1 9 1 1 12 19 46 1 48 1 1 2 1 4 5 6 1 2 1 4 1 1 2 3 15 1 2 1 19 1 70 1 2 1 1 5 1 1 2 1 1 3 1 2 9 1 2 1 4 1 2 1 22 1 94 1 1 2 1 5 1 
1 1 2 3 1 2 1 2 3 6 7 12 13 1 1 3 4 1 6 1 2 1 2 5 1 2 1 1 3 6 1 1 2 10 1 23 1 1 3 4 1 1 7 1 2 3 1 2 6 1 1 16 1 1 2 20 1 2 1 1 3 1 1 1 7 66 1 1 2 3 1 2 1 4 1 6 1 2 1 2 15 1 2 3 1 20 1 1 2 3 1 1 3 1 1 2 1 2 3 6 
1 2 1 1 3 1 5 1 1 2 4 1 2 1 1 16 1 1 1 2 3 1 1 6 1 1 1 4 1 1 3 1 2 1 35 1 1 3 1 2 3 1 1 3 1 5 1 13 1 2 3 4 1 6 1 2 1 4 5 1 2 1 1 5 1 1 8 33 1 1 2 1 4 1 2 1 2 5 11 12 1 2 1 2 1 1 1 4 9 1 1 3 1 14 1 2 1 18 1 1 
1 1 2 1 1 1 4 1 1 1 1 1 1 11 1 1 1 4 1 1 1 8 1 2 22 1 26 1 29 1 1 2 4 5 1 7 1 1 3 4 12 1 1 1 3 4 1 2 1 4 22 1 1 2 4 5 6 1 1 1 4 1 1 13 1 1 2 4 1 2 1 72 1 2 3 4 1 6 7 1 1 2 4 1 1 14 1 16 1 1 3 1 21 1 2 1 4 1 1 3 
1 2 1 4 5 1 1 1 3 5 1 1 2 1 10 1 17 1 1 2 4 1 6 1 2 1 1 2 3 7 1 2 3 11 12 1 2 1 1 5 1 1 3 1 22 1 1 1 4 1 2 1 2 9 1 1 3 1 1 3 4 1 2 1 1 12 1 1 2 1 1 1 56 1 2 3 1 1 3 7 64 1 2 1 4 1 1 2 1 2 5 75 1 2 3 1 2 3 4 1 
1 1 1 3 1 1 1 2 1 2 11 1 1 3 1 2 17 1 2 3 4 5 6 1 1 2 1 1 6 1 31 1 33 1 2 1 1 2 6 1 2 1 2 3 1 2 8 1 2 1 12 1 2 3 1 5 1 25 1 2 28 1 2 1 1 5 1 1 2 1 4 1 6 1 2 9 1 11 1 2 1 82 1 2 1 2 3 1 1 3 1 2 11 1 1 2 1 2 1 100 
1 1 3 1 1 1 7 1 2 1 1 1 13 14 1 2 3 1 1 1 1 1 1 6 11 1 2 3 4 1 31 1 2 1 1 3 1 5 1 2 10 1 2 1 2 1 4 5 1 2 3 11 1 1 3 1 1 3 28 1 30 1 2 3 1 2 1 1 5 9 1 1 1 3 1 6 1 1 2 1 4 1 1 1 15 1 2 1 1 3 30 1 1 3 4 1 1 3 4 1 
1 1 2 1 4 1 1 2 8 1 1 1 13 1 2 1 2 18 1 2 1 2 1 6 7 26 1 1 3 1 2 32 1 2 1 4 5 1 1 2 4 1 2 1 2 3 1 1 3 1 10 15 1 22 1 2 1 1 1 4 1 6 1 1 2 3 11 1 1 16 1 1 2 1 1 2 1 8 1 2 1 2 3 1 5 1 9 18 1 2 3 4 1 1 2 3 1 10 1 46 
1 1 2 1 2 3 1 5 1 1 1 4 1 11 12 1 1 18 1 20 1 1 1 4 25 1 1 3 4 1 2 7 1 2 10 1 1 13 1 1 3 1 5 6 1 2 1 2 49 1 2 3 1 1 1 2 1 5 7 1 2 1 14 1 1 1 4 1 1 3 8 1 24 25 1 1 1 2 4 1 6 1 2 9 1 2 13 1 2 1 2 1 4 45 1 1 1 2 99 1 
1 2 1 2 1 2 1 1 2 3 5 12 1 2 15 1 1 1 4 1 1 1 4 1 1 7 1 2 1 4 1 17 1 19 1 1 3 1 5 6 1 2 1 1 30 1 1 3 1 1 1 2 1 9 1 1 3 1 14 1 1 1 4 1 6 1 2 1 10 11 1 1 1 1 3 6 77 1 1 3 1 1 1 7 1 9 1 2 1 1 2 6 1 2 1 1 11 1 13 1 
1 1 3 4 1 1 7 1 2 10 1 2 3 1 5 1 1 2 1 2 1 7 1 1 2 1 17 28 1 2 1 2 1 1 1 6 1 1 2 3 1 5 1 1 2 3 1 48 1 2 3 4 1 2 3 8 1 1 3 1 2 14 1 1 3 1 5 1 1 1 9 1 1 12 1 2 29 1 2 3 4 5 35 1 2 1 1 1 41 1 1 3 1 1 2 4 1 6 1 2 
1 2 3 4 1 1 1 8 1 2 1 4 5 1 1 3 1 10 1 2 3 1 15 1 1 2 4 5 1 1 2 1 1 3 6 8 37 1 1 1 4 1 1 2 4 1 6 1 2 3 4 1 2 1 4 1 16 1 1 1 1 4 26 1 1 1 2 1 1 1 4 7 1 1 1 1 3 1 16 1 18 1 2 1 1 23 1 2 3 27 1 2 3 1 2 6 1 1 1 10 
1 1 2 1 4 1 7 1 1 3 1 2 3 1 1 9 1 18 1 2 1 4 1 24 1 2 1 1 5 1 1 1 9 1 2 1 4 1 2 1 4 1 1 11 1 22 1 1 3 1 1 2 1 1 5 1 2 1 1 1 15 1 1 2 4 5 1 22 1 24 1 48 1 1 2 4 1 2 1 1 5 1 1 1 4 1 1 7 13 1 2 1 2 1 19 1 1 1 1 5 
1 1 2 3 5 1 1 3 1 2 1 2 3 1 7 1 2 1 2 3 1 22 1 2 1 4 1 2 3 1 5 1 2 1 13 14 1 1 3 1 2 6 1 1 2 3 1 1 1 14 1 2 3 4 1 6 35 1 2 1 1 3 4 7 1 1 3 1 2 1 4 5 1 1 2 12 1 2 22 1 1 2 1 2 5 1 1 1 1 1 5 7 1 2 3 1 2 6 20 1 
1 2 1 1 3 1 5 1 9 1 2 1 2 3 4 1 2 3 4 1 2 13 1 24 1 2 1 4 1 2 1 2 9 1 2 3 1 1 2 1 1 6 19 1 2 1 4 1 2 1 2 1 2 5 1 2 3 1 10 1 1 1 1 4 1 1 2 68 1 1 2 4 1 2 3 8 1 2 1 1 13 1 2 3 17 1 19 20 21 1 1 2 3 1 1 1 1 3 1 6 
1 1 1 1 1 1 7 1 2 3 4 1 6 1 8 1 2 1 1 5 1 1 23 1 2 1 2 1 1 1 8 1 2 1 1 3 1 2 1 1 3 6 1 13 1 23 1 2 1 1 5 1 2 3 1 5 6 1 2 3 38 1 2 1 2 1 1 5 8 1 2 3 1 2 1 1 3 1 1 2 7 1 9 1 1 17 1 2 3 1 1 3 24 1 1 1 3 1 30 1 
1 1 2 4 1 1 2 4 9 1 1 3 1 2 1 2 1 4 1 8 1 2 1 1 1 3 4 8 1 2 1 2 1 22 1 1 3 1 2 1 2 5 1 1 3 1 1 1 49 1 1 3 4 1 6 1 1 3 1 5 12 1 2 3 4 1 6 1 2 1 1 1 6 1 8 1 2 3 4 1 2 3 1 5 1 1 26 39 1 1 1 3 1 6 1 2 1 2 5 1 
1 2 1 4 1 2 3 8 1 10 1 1 3 1 5 1 2 18 1 1 2 1 23 1 2 3 1 5 1 1 8 1 1 3 12 1 2 3 1 1 1 2 4 1 10 46 1 1 1 2 1 2 6 1 1 10 1 1 2 1 5 1 2 1 2 1 2 1 6 14 1 1 2 4 1 1 7 22 1 2 3 1 2 3 1 1 9 1 2 1 1 1 15 16 1 2 1 4 1 2 
1 2 1 1 5 1 1 1 1 4 1 2 8 1 2 1 17 1 1 1 3 1 23 1 2 1 2 5 6 1 8 1 1 3 12 13 1 2 3 4 1 2 1 1 22 1 1 2 1 4 1 1 8 1 1 11 1 1 1 1 38 62 1 1 3 4 1 1 3 4 1 2 1 1 1 3 11 1 2 1 1 2 3 18 1 2 3 4 1 28 29 1 1 1 33 1 2 1 1 1 
1 2 1 2 1 1 7 1 2 1 2 3 1 7 1 1 3 1 5 1 1 2 3 1 2 1 2 5 1 2 17 1 2 1 2 3 4 7 1 2 10 1 1 30 1 1 1 4 1 1 2 1 2 1 1 1 9 51 1 2 1 1 3 1 2 1 2 3 6 1 2 1 13 1 15 1 1 2 4 5 1 2 1 4 5 1 1 3 9 10 33 1 1 3 1 2 3 40 1 1 
1 2 1 1 3 1 1 1 3 1 1 1 4 1 9 1 2 13 1 2 19 1 1 1 2 4 1 1 2 4 10 32 1 2 1 1 2 6 1 1 9 1 2 1 1 1 2 7 1 9 1 2 1 1 14 56 1 1 1 2 4 5 1 1 1 1 5 1 1 8 1 16 1 1 2 3 1 6 1 2 3 10 1 2 1 2 1 6 17 1 2 1 2 3 4 5 1 1 1 2 
1 2 1 2 3 1 2 3 7 1 1 1 4 1 2 1 1 3 6 7 1 1 1 11 1 1 3 1 2 3 1 2 31 1 2 1 2 3 1 7 8 1 1 1 1 4 1 6 1 8 1 1 1 21 1 1 2 1 4 1 1 1 1 1 3 4 1 2 3 1 1 3 14 15 1 1 2 4 1 1 7 1 1 3 11 84 1 1 2 1 1 3 1 5 1 2 1 4 1 100 
1 1 2 1 4 6 7 1 2 1 2 3 6 1 1 1 3 1 2 3 1 2 1 10 1 2 3 4 1 1 3 4 5 1 2 36 37 1 2 3 1 1 3 7 1 2 1 4 12 1 2 1 2 17 1 2 3 1 2 3 24 1 2 3 1 2 6 1 32 1 2 3 36 1 1 2 3 5 1 2 1 9 1 1 1 1 14 1 16 1 1 3 1 21 1 2 1 1 5 1 
1 1 1 2 4 1 2 8 1 1 3 1 2 3 4 16 1 2 3 1 1 1 2 4 6 1 11 1 2 1 1 5 1 2 3 1 10 1 2 3 1 2 3 1 29 1 1 2 1 1 1 3 1 1 2 11 1 2 3 1 1 2 3 4 20 21 1 23 1 1 1 2 28 1 1 60 1 2 1 2 3 4 5 68 1 1 3 1 1 3 1 2 3 1 2 12 1 1 15 84 
1 1 3 1 2 3 7 1 1 10 1 2 1 2 5 1 1 2 19 1 1 3 1 2 3 7 8 1 2 1 4 1 2 1 4 1 10 1 2 40 1 2 1 1 1 3 1 2 9 1 2 1 2 1 15 1 1 1 2 3 6 22 1 1 1 3 1 6 69 1 2 1 4 5 1 1 3 1 5 6 1 8 1 1 3 4 5 1 2 3 1 5 1 1 1 14 23 1 1 3 
1 2 1 1 5 1 2 1 1 3 1 2 6 1 8 1 1 2 1 1 6 1 2 3 4 1 6 7 1 2 1 27 1 2 1 1 1 1 3 1 1 10 1 1 2 4 5 1 1 2 46 1 53 1 2 1 1 3 4 1 2 3 1 1 3 11 1 1 1 2 1 6 1 2 1 4 1 2 1 2 15 1 1 1 3 1 34 1 2 1 2 1 6 1 2 3 1 1 3 4 
1 2 1 2 1 2 1 6 1 1 3 1 5 1 1 2 3 1 6 1 1 9 1 1 1 26 1 2 1 2 3 1 1 1 2 5 1 1 3 1 2 11 1 2 3 1 2 3 4 8 25 26 1 1 1 2 1 4 5 1 1 3 1 5 13 1 2 1 4 1 1 2 1 9 1 2 1 4 27 1 1 3 1 1 2 1 1 9 1 2 3 1 5 1 43 1 2 3 4 1 
1 2 1 2 5 1 1 1 1 1 1 1 13 1 15 1 2 3 4 5 1 2 1 4 1 6 12 1 14 1 16 1 2 3 4 1 1 1 4 1 1 2 1 1 5 1 2 1 14 1 1 1 3 4 1 2 1 9 1 2 26 1 1 1 1 2 4 1 7 1 9 10 11 1 1 1 2 3 5 1 81 1 1 3 1 5 1 1 2 1 2 5 1 7 1 1 10 12 1 2 
1 2 3 4 1 6 7 1 1 1 4 1 2 1 4 1 1 7 1 1 1 3 16 1 2 3 1 1 6 1 2 1 2 1 2 3 1 1 2 4 1 1 2 1 2 17 1 1 1 1 1 3 1 8 1 2 3 1 5 1 2 1 4 1 2 3 13 1 1 3 4 1 1 1 1 3 6 11 1 13 1 53 1 2 1 1 3 1 2 3 4 5 1 10 1 1 68 1 1 1 
1 2 1 2 3 1 5 8 1 1 1 1 4 6 1 1 1 18 1 2 1 1 2 4 1 26 1 1 2 1 2 5 1 2 9 1 1 3 4 1 1 3 4 5 1 2 1 2 1 15 1 1 2 4 1 1 7 1 1 1 3 5 1 1 8 1 2 33 1 1 1 4 5 1 2 3 1 10 1 1 2 3 5 1 1 3 4 1 2 7 1 2 1 1 2 3 1 15 31 1 
1 2 1 1 2 4 5 8 1 1 3 1 1 6 1 1 2 3 11 1 2 1 4 1 2 3 19 1 1 3 31 32 1 1 3 1 5 1 1 1 2 1 1 12 1 2 3 1 5 18 1 1 3 1 2 1 2 5 1 7 1 12 1 1 2 1 17 1 2 1 4 1 2 74 1 2 1 1 3 1 5 1 1 2 9 1 13 14 1 1 3 18 1 2 3 4 1 2 1 1 
1 2 3 1 2 3 4 1 1 7 1 1 1 2 4 1 2 1 4 9 1 2 12 13 1 16 1 2 1 1 3 32 1 2 3 1 1 1 1 4 9 1 1 2 13 1 2 1 4 1 6 1 2 3 1 11 1 2 1 1 2 1 4 6 1 1 1 4 1 25 1 2 41 1 2 1 1 3 6 1 1 1 3 11 1 1 1 4 16 1 2 92 1 2 3 4 1 1 3 1 
1 2 1 1 2 4 1 2 1 2 5 1 7 1 1 1 1 2 4 1 2 9 1 2 1 1 2 4 1 2 1 30 1 2 3 1 1 1 3 4 6 1 8 1 1 3 1 2 3 7 1 2 21 1 2 54 1 2 3 4 1 6 1 2 9 1 1 1 3 4 15 1 2 1 1 3 4 5 1 1 2 11 1 1 3 1 5 1 18 1 1 1 1 2 1 4 8 27 1 2 
1 1 1 1 4 6 7 1 2 1 1 3 1 2 1 7 1 18 1 2 1 4 1 1 3 1 2 1 1 2 1 10 1 2 3 18 1 2 3 4 1 42 1 2 1 2 5 1 2 3 1 52 1 1 3 1 2 1 4 1 9 1 1 3 4 14 1 2 3 1 1 3 7 1 1 24 1 2 1 1 2 4 1 6 9 1 2 36 1 1 3 4 5 1 2 1 45 1 2 1 
1 2 1 4 1 1 2 4 1 2 11 1 1 2 3 1 1 1 4 1 1 7 1 13 1 1 2 1 2 1 1 5 8 10 1 1 2 1 1 1 1 2 3 10 1 2 1 48 1 2 3 4 1 2 1 2 1 1 5 1 2 8 1 2 3 1 1 14 1 1 3 1 2 3 1 2 1 4 1 26 1 1 3 1 1 2 4 1 2 1 11 1 41 1 1 1 4 1 2 1 
1 2 1 4 1 1 2 1 2 3 4 12 1 2 1 1 2 3 7 1 2 10 1 2 1 1 3 1 5 8 9 1 11 1 13 1 2 1 1 18 19 1 1 2 1 2 3 1 27 1 1 1 2 4 6 1 1 2 1 1 3 4 5 1 1 3 11 12 1 1 2 1 2 5 1 1 8 1 11 1 25 1 1 1 30 1 1 2 4 1 1 2 3 1 6 1 1 3 4 5 
1 1 1 4 1 1 2 1 4 5 11 1 13 1 2 1 1 2 6 1 21 1 2 3 1 1 1 1 5 1 1 1 1 5 1 2 1 2 3 1 17 1 22 44 1 2 1 4 1 1 1 2 4 1 1 1 9 1 1 1 1 2 6 1 2 1 1 5 6 1 27 1 2 3 1 1 3 1 1 9 10 1 2 1 1 42 1 88 1 2 1 2 1 4 1 2 9 1 2 1 
1 2 3 4 5 6 1 2 1 1 1 2 5 1 9 1 2 3 1 2 1 7 1 9 1 2 3 22 1 2 31 1 2 3 4 1 2 7 8 9 1 1 2 1 1 1 4 1 49 1 1 52 1 2 3 1 5 1 2 60 1 1 2 1 2 1 1 1 4 1 1 2 12 1 1 2 1 5 6 1 2 1 2 5 1 25 1 1 28 1 1 3 33 1 95 1 2 1 2 1 
1 1 2 3 4 1 6 8 1 2 3 1 2 1 2 3 1 7 1 20 1 2 3 1 5 1 1 1 3 10 1 1 3 4 5 1 7 1 2 10 1 1 3 24 1 1 2 28 1 2 3 1 2 1 1 1 2 1 1 3 1 11 1 1 3 1 2 1 7 1 2 1 2 3 1 7 1 9 1 2 12 1 1 3 1 2 25 37 1 1 3 4 5 1 2 1 9 10 1 2 
1 1 3 1 1 2 7 1 1 1 11 1 2 3 1 2 6 1 2 1 21 1 1 2 1 5 1 1 8 1 1 1 3 5 1 7 16 1 1 2 3 4 6 1 1 25 1 1 1 1 2 4 1 6 1 2 1 1 2 4 1 6 1 2 1 1 1 6 1 1 15 1 1 20 1 55 1 1 1 2 5 1 7 1 2 1 2 1 6 1 2 1 2 1 2 20 1 2 1 1 
1 2 3 1 2 1 4 1 2 1 4 1 6 1 2 16 1 2 1 1 3 6 1 1 3 1 5 1 7 1 1 32 1 2 1 4 1 2 1 2 3 1 1 8 1 2 1 1 3 4 7 1 1 1 4 12 1 2 1 4 1 2 1 4 1 2 11 32 1 2 1 1 3 6 1 2 1 4 5 6 1 1 9 1 2 1 2 1 2 16 1 1 1 3 4 1 1 7 25 1 
1 1 2 4 5 1 2 1 1 2 1 2 8 1 2 1 4 13 1 2 3 1 2 6 1 1 3 1 1 6 13 1 2 1 1 2 1 1 8 1 1 1 4 1 6 1 29 1 1 3 1 5 1 1 1 4 5 1 7 8 1 15 16 17 1 2 1 2 5 1 1 3 4 1 1 1 2 1 1 6 12 1 1 3 1 2 1 7 1 9 1 2 3 47 1 1 2 1 2 1 
1 1 1 2 1 4 5 6 8 1 1 2 1 2 3 6 1 1 10 1 1 1 1 23 24 1 2 1 4 1 1 1 3 33 1 2 1 2 5 39 1 1 2 4 1 2 1 1 1 2 50 1 2 53 1 2 1 2 1 2 3 1 1 3 4 1 6 1 1 1 2 1 6 1 2 1 2 1 6 19 25 28 1 1 3 4 1 1 1 90 1 1 3 4 1 1 3 1 1 6 
1 1 3 1 2 6 1 8 9 1 1 2 13 1 2 1 4 1 6 1 1 3 1 2 6 1 8 15 1 1 3 1 2 1 1 23 1 1 1 3 4 1 43 1 1 3 4 1 1 1 3 9 1 11 1 1 3 1 5 1 1 2 1 5 1 1 67 1 1 3 1 2 1 2 5 6 1 1 3 1 14 1 16 1 2 3 1 5 1 1 1 4 1 11 1 1 1 3 4 1 
1 2 3 1 1 3 7 8 1 2 1 1 13 1 1 1 1 1 4 1 21 1 1 1 3 1 5 6 7 1 1 2 11 1 13 1 1 1 18 1 20 1 2 1 4 1 2 3 8 1 2 1 4 13 1 15 1 2 1 19 1 21 1 2 1 4 1 27 1 1 2 1 4 53 1 1 1 3 1 1 2 7 1 2 10 12 1 1 15 1 1 1 2 5 1 2 1 24 1 2 
1 1 1 3 1 1 2 8 1 2 1 12 1 2 15 1 2 1 4 1 21 1 1 2 3 5 6 1 2 1 1 32 1 1 1 2 3 1 5 1 1 42 1 1 1 1 2 6 7 1 2 3 1 1 2 3 1 9 1 2 1 20 1 2 1 1 3 26 1 28 1 2 1 2 1 2 3 4 1 2 1 12 1 1 15 1 1 3 1 2 3 1 2 6 1 96 1 1 2 1 
1 2 1 4 1 6 1 1 1 1 3 1 6 1 15 1 1 3 1 2 1 7 1 1 2 4 1 6 1 1 1 1 5 1 13 1 2 3 4 1 1 7 1 2 1 4 5 6 1 1 3 1 2 1 40 1 1 1 2 1 2 6 1 8 1 1 3 1 2 1 7 1 1 19 1 2 3 4 1 2 1 8 1 1 2 12 1 14 1 2 3 1 19 1 2 1 1 5 1 7 
1 1 2 4 1 6 7 1 1 2 1 5 1 1 8 1 2 1 2 3 6 1 8 1 1 2 1 1 22 1 1 1 4 1 1 2 1 2 1 1 8 1 1 3 16 1 1 3 1 1 2 4 1 9 10 1 1 3 1 2 1 7 18 1 2 1 1 3 1 1 8 9 1 45 1 2 48 1 2 1 4 1 1 2 3 5 1 1 3 1 10 1 1 2 4 1 1 3 1 1 
1 2 3 1 5 1 2 3 4 1 2 1 4 5 1 1 12 18 1 1 2 1 1 5 6 26 1 2 1 4 1 1 2 3 1 2 3 1 1 1 10 12 13 1 1 3 1 1 6 1 1 9 10 1 1 2 31 1 1 2 35 1 2 3 1 2 3 7 1 2 1 11 1 1 2 4 1 17 1 1 55 1 1 2 4 1 1 3 1 1 10 1 2 13 1 1 2 1 4 6 
1 2 1 4 1 1 3 4 1 1 7 1 1 3 4 1 6 1 1 16 1 1 1 1 3 1 1 8 1 1 2 4 1 1 7 1 2 3 1 2 3 1 2 9 10 1 1 3 1 1 3 1 1 3 55 1 2 1 4 1 1 3 1 1 10 1 1 1 1 5 1 7 18 1 2 3 1 2 3 7 1 2 28 1 2 86 1 2 1 2 5 1 1 8 1 1 3 4 1 2 
1 2 1 4 1 2 3 8 1 1 1 12 1 2 1 1 1 4 5 6 1 22 1 1 1 2 4 1 7 1 1 10 1 1 2 3 4 1 1 2 8 1 1 3 1 5 1 2 1 1 5 1 1 1 3 4 5 1 8 1 1 2 1 5 1 7 8 1 1 2 1 1 32 1 1 2 1 1 3 1 2 3 7 1 52 1 2 1 1 5 6 1 8 1 1 3 1 2 3 7 
1 1 2 1 1 3 1 2 1 10 1 12 1 2 1 2 1 2 7 1 9 1 2 3 1 1 3 1 2 1 2 8 12 1 1 1 2 1 4 1 20 1 2 1 1 1 4 1 8 38 1 2 1 1 2 3 1 1 3 1 1 10 1 12 1 2 1 1 1 20 1 1 3 4 1 1 1 28 1 2 3 32 1 2 1 4 1 6 1 2 1 2 1 2 13 1 2 1 2 3 
1 2 1 1 1 2 7 1 2 3 4 1 2 3 4 1 6 7 8 1 2 1 4 5 1 2 3 1 29 1 1 1 2 1 5 1 1 3 1 11 12 1 14 15 1 1 2 1 4 6 1 2 1 4 1 1 2 1 15 1 2 3 1 2 3 1 2 1 2 5 1 1 2 3 1 32 1 1 1 2 1 6 1 1 3 1 5 1 1 8 1 10 1 2 1 2 1 2 1 8 
1 2 3 1 2 3 1 2 1 7 11 1 1 2 4 1 2 1 19 20 1 1 2 4 5 1 1 3 4 1 2 1 2 9 1 1 3 1 1 2 16 1 1 44 1 1 1 4 1 2 1 1 1 3 5 1 2 1 9 1 1 3 1 2 17 1 2 3 1 2 1 4 5 1 2 3 1 2 6 1 1 1 3 40 1 2 1 2 5 1 1 3 9 1 1 1 53 1 1 1 
1 1 2 4 5 1 7 1 1 10 11 1 1 14 1 1 2 1 1 3 21 1 1 2 1 4 1 28 1 1 1 3 1 1 2 4 1 10 1 2 1 2 1 2 5 1 19 1 1 3 1 2 6 1 1 2 1 30 1 1 1 3 1 1 6 1 2 1 1 12 1 1 3 1 2 1 1 3 1 10 1 1 3 14 1 1 3 1 2 1 2 22 1 1 3 1 1 6 7 8 
1 1 1 2 5 1 2 1 4 1 2 12 1 1 2 3 4 1 2 7 9 1 2 3 4 1 1 2 4 1 2 1 4 5 10 1 2 26 1 1 2 1 4 1 1 8 1 1 2 4 1 1 7 42 1 1 1 4 47 1 2 1 1 3 6 1 2 1 1 2 1 2 8 74 1 1 2 78 1 2 3 1 2 3 1 1 6 1 11 1 2 3 1 1 1 4 1 20 1 1 
1 1 2 3 4 1 1 7 1 1 1 4 1 2 15 1 2 3 1 1 2 1 23 1 1 3 1 1 6 7 1 1 2 4 1 6 1 2 39 1 2 1 1 2 1 7 1 2 3 1 1 1 4 1 2 1 2 9 1 1 1 1 5 6 1 1 3 1 5 12 1 1 2 3 5 1 7 1 21 1 1 1 3 4 6 47 1 1 1 2 4 1 2 3 4 5 1 7 8 1 
1 1 1 3 1 6 1 8 1 2 3 1 5 14 1 1 3 1 19 1 1 2 4 1 1 3 1 2 1 30 1 1 1 1 2 6 1 2 1 1 3 4 5 14 1 2 1 4 1 2 3 1 2 1 2 3 1 7 11 1 2 18 1 2 3 1 2 3 1 1 3 1 2 9 13 1 1 3 1 1 6 1 8 1 2 1 4 26 1 2 1 1 3 1 2 34 1 2 1 2 
1 2 1 1 1 1 7 1 2 1 11 1 1 2 1 5 1 2 3 4 10 1 1 3 1 5 1 1 18 1 1 1 3 1 2 7 1 1 10 1 2 1 1 2 1 4 1 2 1 4 1 52 1 1 1 2 1 6 7 1 2 1 2 1 1 5 1 2 1 4 10 11 1 2 1 2 5 1 7 8 1 10 1 32 1 1 1 2 4 1 1 7 41 1 1 1 1 3 5 1 
1 2 3 1 2 6 1 2 3 1 5 6 1 2 15 1 2 1 4 1 2 1 2 5 1 2 1 13 14 1 16 1 2 3 1 1 1 3 1 2 3 1 9 10 1 1 2 1 5 1 2 1 2 3 6 1 8 14 1 1 2 1 5 1 1 2 1 5 1 2 37 1 2 1 2 1 4 1 1 1 3 1 2 1 12 52 1 1 3 1 57 1 1 1 1 81 1 1 3 1 
1 2 1 2 1 1 1 8 1 1 3 4 1 2 1 2 3 1 2 1 2 3 9 1 2 3 4 5 1 7 17 1 25 1 2 1 1 2 6 1 8 34 1 2 1 2 5 1 2 3 1 1 2 4 5 1 7 1 17 1 1 1 4 5 23 1 1 26 1 1 2 1 1 3 1 2 1 9 1 2 1 2 1 16 1 2 19 20 1 2 1 4 1 1 3 1 2 10 1 1 
1 1 3 1 1 2 1 4 1 1 2 9 1 11 1 2 1 1 3 4 18 1 1 3 1 2 3 1 5 9 1 1 1 3 4 1 6 1 2 1 11 1 1 2 3 16 1 1 2 4 1 1 2 1 9 10 27 1 2 3 1 5 1 1 2 1 4 5 1 1 1 9 43 1 2 1 4 1 2 7 1 1 3 11 1 2 3 4 1 2 61 1 1 2 1 5 1 7 1 2 
1 1 2 1 5 1 2 1 4 5 6 1 1 1 15 1 1 1 3 1 21 1 2 1 2 1 4 1 2 1 10 32 1 1 2 1 5 1 7 1 2 42 1 1 3 1 1 6 1 2 9 1 11 1 2 1 2 1 2 7 1 9 1 2 3 1 5 1 1 3 1 2 6 1 13 1 1 1 4 1 2 3 1 1 1 4 34 1 2 3 1 5 6 7 8 9 1 2 1 1 
1 1 2 1 4 1 6 7 1 2 11 1 1 14 1 1 1 2 5 1 2 3 1 1 1 4 1 2 1 1 31 1 2 3 1 1 1 2 5 1 2 3 4 13 1 1 3 1 1 2 1 4 1 10 1 1 1 2 3 5 6 1 1 64 1 1 2 1 2 5 1 2 1 9 1 1 2 3 1 1 1 1 3 20 1 1 87 1 1 3 1 2 3 1 8 1 2 1 4 1 
1 2 3 1 2 3 7 1 1 1 11 1 13 1 15 1 1 2 4 1 2 1 4 1 10 1 2 1 2 15 1 1 18 1 2 1 1 3 1 5 1 2 3 1 2 1 4 13 1 1 1 4 1 2 1 1 2 3 4 8 9 1 1 3 1 2 1 4 1 37 1 1 1 2 1 61 1 2 1 65 1 1 3 1 1 3 1 1 9 1 1 3 1 5 1 2 1 1 1 6 
1 2 1 2 1 1 5 1 2 3 1 2 13 1 2 3 1 2 1 7 1 1 3 1 1 13 1 1 3 1 1 1 2 5 6 1 1 1 1 11 1 2 30 1 2 1 2 1 6 1 1 2 1 1 2 3 1 1 10 1 2 1 2 3 4 66 1 1 3 1 1 1 7 1 1 10 1 12 1 2 3 1 2 1 1 1 9 1 2 3 25 1 2 1 1 2 1 1 8 1 
1 1 2 1 4 1 2 3 4 1 6 1 1 14 1 2 1 4 1 1 2 1 2 5 11 1 2 3 1 1 3 1 5 1 2 1 4 5 1 2 3 4 1 1 2 3 1 6 1 36 1 2 1 4 1 6 1 8 1 1 3 62 1 2 1 4 1 1 3 8 1 1 2 12 1 1 3 1 2 1 2 8 9 1 1 3 1 5 15 1 29 1 2 3 1 1 2 1 5 1 
1 1 3 1 1 1 4 1 1 2 1 2 5 6 1 13 1 2 3 1 1 2 3 1 2 23 1 2 3 1 2 3 1 1 1 2 1 2 10 1 1 3 14 1 1 20 1 2 1 2 1 2 3 8 1 2 3 1 5 1 2 1 1 5 1 40 1 2 3 1 5 1 1 3 1 5 1 2 8 1 1 79 1 2 3 1 1 1 7 1 1 10 1 2 1 1 3 1 2 1 
1 1 3 4 1 6 7 1 2 3 1 2 1 4 5 1 10 1 2 20 1 2 1 2 1 4 7 1 2 1 1 1 3 1 5 1 1 18 1 1 2 1 1 1 2 1 2 7 1 30 1 2 1 1 1 2 3 1 7 8 1 1 2 4 15 16 1 1 2 3 1 6 1 1 2 1 2 1 4 1 1 2 3 9 35 1 2 3 4 1 1 1 2 1 10 1 2 3 1 2 
1 2 1 2 1 2 1 2 1 1 11 1 1 3 1 5 1 2 1 2 5 22 1 2 1 4 1 1 1 8 1 1 3 1 5 1 1 2 9 1 1 1 3 1 6 1 47 1 2 1 1 1 3 1 8 1 2 11 12 1 1 3 1 5 1 2 1 4 22 1 1 3 26 1 1 1 30 1 1 1 3 5 6 1 1 3 4 1 6 1 1 3 4 1 1 2 4 1 2 3 
1 1 2 1 1 5 1 2 1 2 1 12 1 1 2 4 5 1 2 1 1 3 1 2 6 1 1 2 3 1 1 15 1 2 18 1 2 1 1 5 6 1 1 1 1 5 1 1 8 1 34 1 2 37 1 2 1 2 3 6 1 2 1 1 3 1 1 3 4 16 1 2 1 2 3 4 7 1 1 2 11 1 2 1 31 1 2 1 2 3 1 1 76 1 2 84 1 2 3 4 
1 1 3 1 1 3 4 1 2 1 1 1 13 1 2 1 4 5 19 1 2 1 4 1 2 7 1 1 2 1 2 1 2 15 1 1 1 2 1 5 22 1 1 1 3 4 5 7 30 1 1 2 1 4 1 7 1 9 1 2 1 43 1 1 3 1 1 1 4 1 6 1 1 2 1 4 1 2 3 1 2 10 11 1 1 2 3 5 1 2 20 1 1 3 4 5 1 2 1 9 
1 1 3 1 2 1 2 1 6 1 1 3 4 1 2 1 4 5 10 1 1 3 14 1 16 23 1 1 2 1 5 1 2 8 1 1 3 4 1 1 1 2 5 1 2 1 4 14 1 1 2 1 1 5 6 1 23 1 2 3 4 1 2 1 1 2 3 1 2 1 4 8 9 1 2 3 1 15 1 1 1 2 4 1 51 1 1 1 4 5 6 7 1 1 3 4 94 1 96 1 
1 2 3 4 1 2 1 2 1 1 3 1 1 8 1 16 1 2 1 2 1 1 2 1 1 6 1 2 1 1 3 16 17 1 1 3 1 2 1 2 5 1 27 1 1 2 1 5 1 2 1 1 10 1 2 3 41 1 2 1 1 3 1 2 1 2 1 1 53 1 1 1 2 3 4 1 7 1 10 1 1 1 3 1 2 17 1 1 3 1 22 1 2 1 2 5 1 2 1 2 
1 1 2 1 5 1 2 3 1 2 1 4 1 2 1 2 12 1 2 20 1 1 1 3 1 6 1 1 9 1 1 2 3 1 15 1 1 3 1 5 1 2 1 1 2 1 2 3 1 7 1 2 1 12 1 2 1 1 19 1 2 42 1 1 3 1 1 3 1 8 1 1 2 1 13 1 2 1 4 1 1 3 1 9 1 1 1 1 3 70 1 1 2 3 95 1 2 1 1 5 
1 2 1 4 1 1 7 1 2 1 1 12 1 2 1 1 5 1 1 1 2 5 1 2 1 9 1 1 1 2 4 6 21 1 1 2 1 2 3 7 1 1 2 1 12 1 35 1 2 50 1 2 3 1 2 1 2 3 1 2 3 12 1 1 2 1 1 3 1 2 3 9 1 2 1 13 1 1 3 1 2 19 1 1 35 1 1 2 4 1 2 1 1 3 4 1 1 1 10 1 
1 1 2 3 1 5 1 2 8 1 2 3 4 1 1 3 1 2 3 4 1 13 1 15 1 17 1 2 3 4 1 31 1 2 1 4 1 6 39 1 1 2 3 1 5 1 1 2 1 4 5 7 1 54 1 1 2 58 1 1 1 4 1 2 1 2 1 6 1 8 1 14 1 1 1 2 19 1 1 22 1 2 1 26 1 1 3 1 1 1 2 4 6 7 11 1 2 1 4 5 
1 1 3 1 1 3 1 1 9 1 2 1 1 2 1 1 1 2 1 8 12 1 1 2 4 5 1 28 1 2 1 1 2 3 1 36 1 2 3 1 2 1 4 1 1 7 1 9 13 1 1 1 1 18 1 1 2 1 1 1 4 1 8 1 1 1 4 1 15 1 1 2 3 4 6 1 2 3 4 1 2 46 1 1 1 4 1 2 3 4 9 1 2 1 1 2 4 7 1 2 
1 2 1 4 1 2 1 2 3 6 1 1 2 3 1 1 6 1 1 3 11 1 2 1 4 1 1 1 3 1 1 1 12 1 1 1 4 1 6 1 2 1 22 1 45 1 1 3 1 2 1 2 5 1 1 3 9 58 1 1 2 4 1 1 3 1 2 1 1 2 3 7 8 1 2 1 4 16 1 1 3 4 5 1 1 1 25 1 2 1 1 2 35 1 2 1 2 5 1 1 
1 1 2 3 1 2 1 1 8 1 1 11 1 1 3 1 2 1 1 1 3 7 1 2 1 11 1 1 29 1 1 3 4 1 1 1 4 1 1 3 4 1 10 1 1 1 4 5 1 7 1 2 3 1 2 6 1 25 1 2 1 2 3 1 1 2 4 10 1 2 13 1 2 16 46 1 1 1 3 1 5 1 2 1 2 1 2 12 1 2 1 4 1 94 1 2 3 4 99 1 